{"/Users/dudzik/visual-acceptance-test/src/file-server.js":{"path":"/Users/dudzik/visual-acceptance-test/src/file-server.js","s":{"1":1,"2":1,"3":1,"4":1,"5":1,"6":1,"7":1,"8":2,"9":2,"10":2,"11":2,"12":2,"13":2,"14":3,"15":3,"16":2,"17":2,"18":2,"19":2,"20":0,"21":2,"22":2,"23":2,"24":2,"25":2,"26":0,"27":2,"28":1},"b":{"1":[0,2],"2":[0,2]},"f":{"1":2,"2":3,"3":3,"4":2,"5":2},"fnMap":{"1":{"name":"(anonymous_1)","line":10,"loc":{"start":{"line":10,"column":13},"end":{"line":10,"column":65}}},"2":{"name":"(anonymous_2)","line":17,"loc":{"start":{"line":17,"column":36},"end":{"line":17,"column":64}}},"3":{"name":"(anonymous_3)","line":18,"loc":{"start":{"line":18,"column":33},"end":{"line":18,"column":45}}},"4":{"name":"(anonymous_4)","line":27,"loc":{"start":{"line":27,"column":8},"end":{"line":27,"column":11}}},"5":{"name":"(anonymous_5)","line":39,"loc":{"start":{"line":39,"column":9},"end":{"line":39,"column":12}}}},"statementMap":{"1":{"start":{"line":1,"column":0},"end":{"line":1,"column":35}},"2":{"start":{"line":2,"column":0},"end":{"line":2,"column":34}},"3":{"start":{"line":3,"column":0},"end":{"line":3,"column":35}},"4":{"start":{"line":4,"column":0},"end":{"line":4,"column":33}},"5":{"start":{"line":5,"column":0},"end":{"line":5,"column":45}},"6":{"start":{"line":6,"column":0},"end":{"line":6,"column":49}},"7":{"start":{"line":7,"column":0},"end":{"line":7,"column":42}},"8":{"start":{"line":11,"column":4},"end":{"line":11,"column":18}},"9":{"start":{"line":12,"column":4},"end":{"line":12,"column":20}},"10":{"start":{"line":13,"column":4},"end":{"line":13,"column":16}},"11":{"start":{"line":14,"column":4},"end":{"line":14,"column":20}},"12":{"start":{"line":15,"column":4},"end":{"line":15,"column":48}},"13":{"start":{"line":17,"column":4},"end":{"line":21,"column":6}},"14":{"start":{"line":18,"column":6},"end":{"line":20,"column":17}},"15":{"start":{"line":19,"column":10},"end":{"line":19,"column":45}},"16":{"start":{"line":23,"column":4},"end":{"line":23,"column":30}},"17":{"start":{"line":28,"column":4},"end":{"line":36,"column":6}},"18":{"start":{"line":29,"column":6},"end":{"line":35,"column":8}},"19":{"start":{"line":30,"column":8},"end":{"line":32,"column":9}},"20":{"start":{"line":31,"column":10},"end":{"line":31,"column":28}},"21":{"start":{"line":33,"column":8},"end":{"line":33,"column":24}},"22":{"start":{"line":34,"column":8},"end":{"line":34,"column":28}},"23":{"start":{"line":40,"column":4},"end":{"line":47,"column":6}},"24":{"start":{"line":41,"column":6},"end":{"line":46,"column":8}},"25":{"start":{"line":42,"column":8},"end":{"line":44,"column":9}},"26":{"start":{"line":43,"column":10},"end":{"line":43,"column":28}},"27":{"start":{"line":45,"column":8},"end":{"line":45,"column":24}},"28":{"start":{"line":51,"column":0},"end":{"line":51,"column":27}}},"branchMap":{"1":{"line":30,"type":"if","locations":[{"start":{"line":30,"column":8},"end":{"line":30,"column":8}},{"start":{"line":30,"column":8},"end":{"line":30,"column":8}}]},"2":{"line":42,"type":"if","locations":[{"start":{"line":42,"column":8},"end":{"line":42,"column":8}},{"start":{"line":42,"column":8},"end":{"line":42,"column":8}}]}}},"/Users/dudzik/visual-acceptance-test/src/browser.js":{"path":"/Users/dudzik/visual-acceptance-test/src/browser.js","s":{"1":1,"2":1,"3":1,"4":1,"5":1,"6":1,"7":1,"8":1,"9":1,"10":1,"11":1,"12":1,"13":1,"14":1,"15":1,"16":0,"17":0,"18":1,"19":1,"20":0,"21":1,"22":0,"23":1,"24":1,"25":1,"26":1,"27":1,"28":1,"29":1,"30":7,"31":7,"32":1,"33":0,"34":0,"35":0,"36":0,"37":0,"38":0,"39":0,"40":0,"41":0,"42":0,"43":0,"44":0,"45":0,"46":0,"47":0,"48":0,"49":0,"50":0,"51":0,"52":0,"53":0,"54":0,"55":0,"56":0,"57":0,"58":0,"59":0,"60":0,"61":0,"62":0,"63":1},"b":{"1":[0,1],"2":[1,0],"3":[1,0],"4":[0,1],"5":[0,1],"6":[0,0],"7":[0,0],"8":[0,0],"9":[0,0],"10":[0,0]},"f":{"1":1,"2":1,"3":1,"4":7,"5":0,"6":0,"7":0},"fnMap":{"1":{"name":"(anonymous_1)","line":12,"loc":{"start":{"line":12,"column":6},"end":{"line":12,"column":122}}},"2":{"name":"(anonymous_2)","line":41,"loc":{"start":{"line":41,"column":10},"end":{"line":41,"column":22}}},"3":{"name":"(anonymous_3)","line":45,"loc":{"start":{"line":45,"column":17},"end":{"line":45,"column":25}}},"4":{"name":"(anonymous_4)","line":49,"loc":{"start":{"line":49,"column":18},"end":{"line":49,"column":30}}},"5":{"name":"(anonymous_5)","line":58,"loc":{"start":{"line":58,"column":6},"end":{"line":58,"column":39}}},"6":{"name":"(anonymous_6)","line":69,"loc":{"start":{"line":69,"column":12},"end":{"line":69,"column":51}}},"7":{"name":"(anonymous_7)","line":108,"loc":{"start":{"line":108,"column":19},"end":{"line":108,"column":47}}}},"statementMap":{"1":{"start":{"line":1,"column":0},"end":{"line":1,"column":32}},"2":{"start":{"line":2,"column":0},"end":{"line":2,"column":21}},"3":{"start":{"line":3,"column":0},"end":{"line":3,"column":36}},"4":{"start":{"line":4,"column":0},"end":{"line":4,"column":39}},"5":{"start":{"line":5,"column":0},"end":{"line":5,"column":38}},"6":{"start":{"line":6,"column":0},"end":{"line":6,"column":33}},"7":{"start":{"line":7,"column":0},"end":{"line":7,"column":37}},"8":{"start":{"line":8,"column":0},"end":{"line":8,"column":37}},"9":{"start":{"line":14,"column":4},"end":{"line":14,"column":92}},"10":{"start":{"line":15,"column":4},"end":{"line":15,"column":38}},"11":{"start":{"line":16,"column":4},"end":{"line":16,"column":50}},"12":{"start":{"line":18,"column":4},"end":{"line":18,"column":91}},"13":{"start":{"line":19,"column":4},"end":{"line":21,"column":10}},"14":{"start":{"line":20,"column":6},"end":{"line":20,"column":40}},"15":{"start":{"line":23,"column":4},"end":{"line":26,"column":23}},"16":{"start":{"line":24,"column":6},"end":{"line":24,"column":32}},"17":{"start":{"line":25,"column":6},"end":{"line":25,"column":37}},"18":{"start":{"line":28,"column":4},"end":{"line":28,"column":48}},"19":{"start":{"line":30,"column":4},"end":{"line":32,"column":5}},"20":{"start":{"line":31,"column":6},"end":{"line":31,"column":43}},"21":{"start":{"line":34,"column":4},"end":{"line":36,"column":5}},"22":{"start":{"line":35,"column":6},"end":{"line":35,"column":30}},"23":{"start":{"line":38,"column":4},"end":{"line":38,"column":15}},"24":{"start":{"line":42,"column":4},"end":{"line":42,"column":90}},"25":{"start":{"line":42,"column":38},"end":{"line":42,"column":48}},"26":{"start":{"line":42,"column":62},"end":{"line":42,"column":89}},"27":{"start":{"line":46,"column":4},"end":{"line":46,"column":26}},"28":{"start":{"line":47,"column":4},"end":{"line":47,"column":48}},"29":{"start":{"line":49,"column":4},"end":{"line":52,"column":6}},"30":{"start":{"line":50,"column":6},"end":{"line":50,"column":32}},"31":{"start":{"line":51,"column":6},"end":{"line":51,"column":19}},"32":{"start":{"line":54,"column":4},"end":{"line":54,"column":15}},"33":{"start":{"line":59,"column":4},"end":{"line":59,"column":50}},"34":{"start":{"line":61,"column":4},"end":{"line":66,"column":36}},"35":{"start":{"line":62,"column":8},"end":{"line":62,"column":43}},"36":{"start":{"line":63,"column":8},"end":{"line":65,"column":10}},"37":{"start":{"line":64,"column":12},"end":{"line":64,"column":72}},"38":{"start":{"line":66,"column":20},"end":{"line":66,"column":35}},"39":{"start":{"line":70,"column":6},"end":{"line":70,"column":48}},"40":{"start":{"line":71,"column":6},"end":{"line":71,"column":47}},"41":{"start":{"line":73,"column":6},"end":{"line":73,"column":46}},"42":{"start":{"line":74,"column":6},"end":{"line":74,"column":46}},"43":{"start":{"line":76,"column":6},"end":{"line":105,"column":8}},"44":{"start":{"line":77,"column":8},"end":{"line":77,"column":51}},"45":{"start":{"line":78,"column":8},"end":{"line":78,"column":45}},"46":{"start":{"line":80,"column":8},"end":{"line":81,"column":90}},"47":{"start":{"line":83,"column":8},"end":{"line":84,"column":87}},"48":{"start":{"line":85,"column":8},"end":{"line":85,"column":32}},"49":{"start":{"line":88,"column":8},"end":{"line":88,"column":36}},"50":{"start":{"line":89,"column":8},"end":{"line":89,"column":43}},"51":{"start":{"line":90,"column":8},"end":{"line":90,"column":43}},"52":{"start":{"line":92,"column":8},"end":{"line":92,"column":61}},"53":{"start":{"line":93,"column":8},"end":{"line":93,"column":25}},"54":{"start":{"line":94,"column":8},"end":{"line":94,"column":61}},"55":{"start":{"line":96,"column":8},"end":{"line":96,"column":94}},"56":{"start":{"line":97,"column":8},"end":{"line":97,"column":47}},"57":{"start":{"line":98,"column":8},"end":{"line":98,"column":54}},"58":{"start":{"line":100,"column":8},"end":{"line":104,"column":10}},"59":{"start":{"line":101,"column":11},"end":{"line":103,"column":48}},"60":{"start":{"line":109,"column":4},"end":{"line":109,"column":90}},"61":{"start":{"line":111,"column":4},"end":{"line":113,"column":6}},"62":{"start":{"line":112,"column":6},"end":{"line":112,"column":47}},"63":{"start":{"line":118,"column":0},"end":{"line":118,"column":24}}},"branchMap":{"1":{"line":14,"type":"cond-expr","locations":[{"start":{"line":14,"column":61},"end":{"line":14,"column":87}},{"start":{"line":14,"column":90},"end":{"line":14,"column":92}}]},"2":{"line":18,"type":"cond-expr","locations":[{"start":{"line":18,"column":78},"end":{"line":18,"column":84}},{"start":{"line":18,"column":87},"end":{"line":18,"column":91}}]},"3":{"line":18,"type":"binary-expr","locations":[{"start":{"line":18,"column":24},"end":{"line":18,"column":48}},{"start":{"line":18,"column":52},"end":{"line":18,"column":74}}]},"4":{"line":30,"type":"if","locations":[{"start":{"line":30,"column":4},"end":{"line":30,"column":4}},{"start":{"line":30,"column":4},"end":{"line":30,"column":4}}]},"5":{"line":34,"type":"if","locations":[{"start":{"line":34,"column":4},"end":{"line":34,"column":4}},{"start":{"line":34,"column":4},"end":{"line":34,"column":4}}]},"6":{"line":73,"type":"cond-expr","locations":[{"start":{"line":73,"column":34},"end":{"line":73,"column":40}},{"start":{"line":73,"column":43},"end":{"line":73,"column":46}}]},"7":{"line":74,"type":"cond-expr","locations":[{"start":{"line":74,"column":34},"end":{"line":74,"column":39}},{"start":{"line":74,"column":43},"end":{"line":74,"column":46}}]},"8":{"line":92,"type":"cond-expr","locations":[{"start":{"line":92,"column":34},"end":{"line":92,"column":51}},{"start":{"line":92,"column":55},"end":{"line":92,"column":61}}]},"9":{"line":94,"type":"cond-expr","locations":[{"start":{"line":94,"column":34},"end":{"line":94,"column":52}},{"start":{"line":94,"column":55},"end":{"line":94,"column":61}}]},"10":{"line":96,"type":"cond-expr","locations":[{"start":{"line":96,"column":51},"end":{"line":96,"column":71}},{"start":{"line":96,"column":74},"end":{"line":96,"column":94}}]}}},"/Users/dudzik/visual-acceptance-test/src/time/last-commit.js":{"path":"/Users/dudzik/visual-acceptance-test/src/time/last-commit.js","s":{"1":1,"2":1,"3":1,"4":1,"5":1,"6":1,"7":1,"8":1,"9":1,"10":1,"11":1,"12":1,"13":1},"b":{},"f":{"1":1,"2":1,"3":1},"fnMap":{"1":{"name":"(anonymous_1)","line":5,"loc":{"start":{"line":5,"column":13},"end":{"line":5,"column":30}}},"2":{"name":"(anonymous_2)","line":11,"loc":{"start":{"line":11,"column":7},"end":{"line":11,"column":10}}},"3":{"name":"(anonymous_3)","line":29,"loc":{"start":{"line":29,"column":6},"end":{"line":29,"column":9}}}},"statementMap":{"1":{"start":{"line":1,"column":0},"end":{"line":1,"column":47}},"2":{"start":{"line":6,"column":4},"end":{"line":6,"column":40}},"3":{"start":{"line":7,"column":4},"end":{"line":7,"column":26}},"4":{"start":{"line":12,"column":4},"end":{"line":25,"column":8}},"5":{"start":{"line":13,"column":9},"end":{"line":17,"column":31}},"6":{"start":{"line":20,"column":8},"end":{"line":20,"column":48}},"7":{"start":{"line":21,"column":8},"end":{"line":21,"column":83}},"8":{"start":{"line":22,"column":8},"end":{"line":22,"column":84}},"9":{"start":{"line":23,"column":8},"end":{"line":23,"column":36}},"10":{"start":{"line":24,"column":8},"end":{"line":24,"column":44}},"11":{"start":{"line":30,"column":4},"end":{"line":30,"column":69}},"12":{"start":{"line":30,"column":45},"end":{"line":30,"column":68}},"13":{"start":{"line":34,"column":0},"end":{"line":34,"column":27}}},"branchMap":{}}}